Copyright 1986-2015 Xilinx, Inc. All Rights Reserved.
-------------------------------------------------------------------------------------------------------------
| Tool Version : Vivado v.2015.3 (win64) Build 1368829 Mon Sep 28 20:06:43 MDT 2015
| Date         : Fri Feb 12 21:16:47 2016
| Host         : maicuong running 64-bit major release  (build 9200)
| Command      : report_utilization -file xillydemo_utilization_synth.rpt -pb xillydemo_utilization_synth.pb
| Design       : xillydemo
| Device       : 7z010clg400-1
| Design State : Synthesized
-------------------------------------------------------------------------------------------------------------

Utilization Design Information

Table of Contents
-----------------
1. Slice Logic
1.1 Summary of Registers by Type
2. Memory
3. DSP
4. IO and GT Specific
5. Clocking
6. Specific Feature
7. Primitives
8. Black Boxes
9. Instantiated Netlists

1. Slice Logic
--------------

+----------------------------+------+-------+-----------+-------+
|          Site Type         | Used | Fixed | Available | Util% |
+----------------------------+------+-------+-----------+-------+
| Slice LUTs*                | 9050 |     0 |     17600 | 51.42 |
|   LUT as Logic             | 8698 |     0 |     17600 | 49.42 |
|   LUT as Memory            |  352 |     0 |      6000 |  5.87 |
|     LUT as Distributed RAM |  276 |     0 |           |       |
|     LUT as Shift Register  |   76 |     0 |           |       |
| Slice Registers            | 9173 |    23 |     35200 | 26.06 |
|   Register as Flip Flop    | 9173 |    23 |     35200 | 26.06 |
|   Register as Latch        |    0 |     0 |     35200 |  0.00 |
| F7 Muxes                   |  154 |     0 |      8800 |  1.75 |
| F8 Muxes                   |    1 |     0 |      4400 |  0.02 |
+----------------------------+------+-------+-----------+-------+
* Warning! The Final LUT count, after physical optimizations and full implementation, is typically lower. Run opt_design after synthesis, if not already completed, for a more realistic count.


1.1 Summary of Registers by Type
--------------------------------

+-------+--------------+-------------+--------------+
| Total | Clock Enable | Synchronous | Asynchronous |
+-------+--------------+-------------+--------------+
| 0     |            _ |           - |            - |
| 0     |            _ |           - |          Set |
| 0     |            _ |           - |        Reset |
| 0     |            _ |         Set |            - |
| 0     |            _ |       Reset |            - |
| 0     |          Yes |           - |            - |
| 0     |          Yes |           - |          Set |
| 18    |          Yes |           - |        Reset |
| 259   |          Yes |         Set |            - |
| 8896  |          Yes |       Reset |            - |
+-------+--------------+-------------+--------------+


2. Memory
---------

+-------------------+------+-------+-----------+-------+
|     Site Type     | Used | Fixed | Available | Util% |
+-------------------+------+-------+-----------+-------+
| Block RAM Tile    |  2.5 |     0 |        60 |  4.17 |
|   RAMB36/FIFO*    |    0 |     0 |        60 |  0.00 |
|   RAMB18          |    5 |     0 |       120 |  4.17 |
|     RAMB18E1 only |    5 |       |           |       |
+-------------------+------+-------+-----------+-------+
* Note: Each Block RAM Tile only has one FIFO logic available and therefore can accommodate only one FIFO36E1 or one FIFO18E1. However, if a FIFO18E1 occupies a Block RAM Tile, that tile can still accommodate a RAMB18E1


3. DSP
------

+-----------+------+-------+-----------+-------+
| Site Type | Used | Fixed | Available | Util% |
+-----------+------+-------+-----------+-------+
| DSPs      |    0 |     0 |        80 |  0.00 |
+-----------+------+-------+-----------+-------+


4. IO and GT Specific
---------------------

+-----------------------------+------+-------+-----------+-------+
|          Site Type          | Used | Fixed | Available | Util% |
+-----------------------------+------+-------+-----------+-------+
| Bonded IOB                  |   98 |     0 |       100 | 98.00 |
| Bonded IPADs                |    0 |     0 |         2 |  0.00 |
| Bonded IOPADs               |    0 |     0 |       130 |  0.00 |
| PHY_CONTROL                 |    0 |     0 |         2 |  0.00 |
| PHASER_REF                  |    0 |     0 |         2 |  0.00 |
| OUT_FIFO                    |    0 |     0 |         8 |  0.00 |
| IN_FIFO                     |    0 |     0 |         8 |  0.00 |
| IDELAYCTRL                  |    0 |     0 |         2 |  0.00 |
| IBUFGDS                     |    0 |     0 |        96 |  0.00 |
| PHASER_OUT/PHASER_OUT_PHY   |    0 |     0 |         8 |  0.00 |
| PHASER_IN/PHASER_IN_PHY     |    0 |     0 |         8 |  0.00 |
| IDELAYE2/IDELAYE2_FINEDELAY |    0 |     0 |       100 |  0.00 |
| ILOGIC                      |    0 |     0 |       100 |  0.00 |
| OLOGIC                      |    8 |     0 |       100 |  8.00 |
|   OSERDES                   |    8 |       |           |       |
+-----------------------------+------+-------+-----------+-------+


5. Clocking
-----------

+--------------+------+-------+-----------+-------+
|   Site Type  | Used | Fixed | Available | Util% |
+--------------+------+-------+-----------+-------+
| BUFGCTRL     |    2 |     0 |        32 |  6.25 |
| BUFIO        |    1 |     0 |         8 | 12.50 |
|   BUFIO only |    1 |     0 |           |       |
| MMCME2_ADV   |    1 |     0 |         2 | 50.00 |
| PLLE2_ADV    |    1 |     0 |         2 | 50.00 |
| BUFMRCE      |    0 |     0 |         4 |  0.00 |
| BUFHCE       |    0 |     0 |        48 |  0.00 |
| BUFR         |    1 |     0 |         8 | 12.50 |
+--------------+------+-------+-----------+-------+


6. Specific Feature
-------------------

+-------------+------+-------+-----------+-------+
|  Site Type  | Used | Fixed | Available | Util% |
+-------------+------+-------+-----------+-------+
| BSCANE2     |    0 |     0 |         4 |  0.00 |
| CAPTUREE2   |    0 |     0 |         1 |  0.00 |
| DNA_PORT    |    0 |     0 |         1 |  0.00 |
| EFUSE_USR   |    0 |     0 |         1 |  0.00 |
| FRAME_ECCE2 |    0 |     0 |         1 |  0.00 |
| ICAPE2      |    0 |     0 |         2 |  0.00 |
| STARTUPE2   |    0 |     0 |         1 |  0.00 |
| XADC        |    0 |     0 |         1 |  0.00 |
+-------------+------+-------+-----------+-------+


7. Primitives
-------------

+------------+------+----------------------+
|  Ref Name  | Used |  Functional Category |
+------------+------+----------------------+
| FDRE       | 8896 |         Flop & Latch |
| LUT6       | 4091 |                  LUT |
| LUT3       | 1279 |                  LUT |
| LUT5       | 1253 |                  LUT |
| LUT4       | 1110 |                  LUT |
| LUT2       |  944 |                  LUT |
| LUT1       |  827 |                  LUT |
| CARRY4     |  390 |           CarryLogic |
| FDSE       |  259 |         Flop & Latch |
| RAMD64E    |  176 |   Distributed Memory |
| MUXF7      |  154 |                MuxFx |
| BIBUF      |  130 |                   IO |
| RAMD32     |   84 |   Distributed Memory |
| RAMS32     |   64 |   Distributed Memory |
| IBUF       |   63 |                   IO |
| OBUFT      |   58 |                   IO |
| SRLC32E    |   47 |   Distributed Memory |
| SRL16E     |   29 |   Distributed Memory |
| OBUF       |   26 |                   IO |
| FDCE       |   18 |         Flop & Latch |
| OSERDESE2  |    8 |                   IO |
| RAMB18E1   |    5 |         Block Memory |
| OBUFDS     |    4 |                   IO |
| BUFG       |    2 |                Clock |
| PS7        |    1 | Specialized Resource |
| PLLE2_ADV  |    1 |                Clock |
| MUXF8      |    1 |                MuxFx |
| MMCME2_ADV |    1 |                Clock |
| BUFR       |    1 |                Clock |
| BUFIO      |    1 |                Clock |
+------------+------+----------------------+


8. Black Boxes
--------------

+-------------+------+
|   Ref Name  | Used |
+-------------+------+
| fifo_32x512 |    3 |
| fifo_8x2048 |    2 |
| vga_fifo    |    1 |
+-------------+------+


9. Instantiated Netlists
------------------------

+---------------+------+
|    Ref Name   | Used |
+---------------+------+
| xillyvga_core |    1 |
| xillybus_lite |    1 |
| xillybus_core |    1 |
+---------------+------+


